#
# There is insufficient memory for the Java Runtime Environment to continue.
# Native memory allocation (mmap) failed to map 100663296 bytes for G1 virtual space
# Possible reasons:
#   The system is out of physical RAM or swap space
#   The process is running with CompressedOops enabled, and the Java Heap may be blocking the growth of the native heap
# Possible solutions:
#   Reduce memory load on the system
#   Increase physical memory or swap space
#   Check if swap backing store is full
#   Decrease Java heap size (-Xmx/-Xms)
#   Decrease number of Java threads
#   Decrease Java thread stack sizes (-Xss)
#   Set larger code cache with -XX:ReservedCodeCacheSize=
#   JVM is running with Unscaled Compressed Oops mode in which the Java heap is
#     placed in the first 4GB address space. The Java Heap base address is the
#     maximum limit for the native heap growth. Please use -XX:HeapBaseMinAddress
#     to set the Java Heap base and to place the Java Heap above 4GB virtual address.
# This output file may be truncated or incomplete.
#
#  Out of Memory Error (os_windows.cpp:3532), pid=13704, tid=416
#
# JRE version:  (17.0.2+8) (build )
# Java VM: OpenJDK 64-Bit Server VM (17.0.2+8-86, mixed mode, sharing, tiered, compressed oops, compressed class ptrs, g1 gc, windows-amd64)
# No core dump will be written. Minidumps are not enabled by default on client versions of Windows
#

---------------  S U M M A R Y ------------

Command Line: -javaagent:C:\Program Files\JetBrains\IntelliJ IDEA Community Edition 2021.3.2\lib\idea_rt.jar=1454:C:\Program Files\JetBrains\IntelliJ IDEA Community Edition 2021.3.2\bin -Dfile.encoding=UTF-8 guessme

Host: AMD Ryzen 5 3550H with Radeon Vega Mobile Gfx  , 8 cores, 5G,  Windows 11 , 64 bit Build 22000 (10.0.22000.1219)
Time: Mon Nov 21 12:57:41 2022 India Standard Time elapsed time: 0.017182 seconds (0d 0h 0m 0s)

---------------  T H R E A D  ---------------

Current thread (0x00000199d9a904f0):  JavaThread "Unknown thread" [_thread_in_vm, id=416, stack(0x0000008752b00000,0x0000008752c00000)]

Stack: [0x0000008752b00000,0x0000008752c00000]
Native frames: (J=compiled Java code, j=interpreted, Vv=VM code, C=native code)
V  [jvm.dll+0x670baa]
V  [jvm.dll+0x7cfcb4]
V  [jvm.dll+0x7d145e]
V  [jvm.dll+0x7d1ac3]
V  [jvm.dll+0x242bc5]
V  [jvm.dll+0x66dac9]
V  [jvm.dll+0x662412]
V  [jvm.dll+0x300c0b]
V  [jvm.dll+0x3081a6]
V  [jvm.dll+0x357d0e]
V  [jvm.dll+0x357f3f]
V  [jvm.dll+0x2d7ec8]
V  [jvm.dll+0x2d8e34]
V  [jvm.dll+0x7a18c1]
V  [jvm.dll+0x365a91]
V  [jvm.dll+0x780d2c]
V  [jvm.dll+0x3e845f]
V  [jvm.dll+0x3e9f01]
C  [jli.dll+0x527b]
C  [ucrtbase.dll+0x26c0c]
C  [KERNEL32.DLL+0x15550]
C  [ntdll.dll+0x485b]


---------------  P R O C E S S  ---------------

Threads class SMR info:
_java_thread_list=0x00007fff98999858, length=0, elements={
}

Java Threads: ( => current thread )

Other Threads:
  0x00000199d9ac6b80 GCTaskThread "GC Thread#0" [stack: 0x0000008752c00000,0x0000008752d00000] [id=13816]
  0x00000199d9ad3a60 ConcurrentGCThread "G1 Main Marker" [stack: 0x0000008752d00000,0x0000008752e00000] [id=9264]
  0x00000199d9ad4c10 ConcurrentGCThread "G1 Conc#0" [stack: 0x0000008752e00000,0x0000008752f00000] [id=1852]

[error occurred during error reporting (printing all threads), id 0xc0000005, EXCEPTION_ACCESS_VIOLATION (0xc0000005) at pc=0x00007fff981e88a7]

VM state: not at safepoint (not fully initialized)

VM Mutex/Monitor currently owned by a thread:  ([mutex/lock_event])
[0x00000199d9a8c100] Heap_lock - owner thread: 0x00000199d9a904f0

Heap address: 0x00000000a0e00000, size: 1522 MB, Compressed Oops mode: 32-bit

CDS archive(s) mapped at: [0x0000000000000000-0x0000000000000000-0x0000000000000000), size 0, SharedBaseAddress: 0x0000000800000000, ArchiveRelocationMode: 0.
Narrow klass base: 0x0000000000000000, Narrow klass shift: 0, Narrow klass range: 0x0

GC Precious Log:
<Empty>

Heap:
 garbage-first heap   total 0K, used 0K [0x00000000a0e00000, 0x0000000100000000)
  region size 1024K, 0 young (0K), 0 survivors (0K)

[error occurred during error reporting (printing heap information), id 0xc0000005, EXCEPTION_ACCESS_VIOLATION (0xc0000005) at pc=0x00007fff985c9f19]

GC Heap History (0 events):
No events

Deoptimization events (0 events):
No events

Classes unloaded (0 events):
No events

Classes redefined (0 events):
No events

Internal exceptions (0 events):
No events

VM Operations (0 events):
No events

Events (1 events):
Event: 0.012 Loaded shared library C:\Users\91700\.jdks\openjdk-17.0.2\bin\java.dll


Dynamic libraries:
0x00007ff6834c0000 - 0x00007ff6834ce000 	C:\Users\91700\.jdks\openjdk-17.0.2\bin\java.exe
0x00007ff826620000 - 0x00007ff826829000 	C:\WINDOWS\SYSTEM32\ntdll.dll
0x00007ff824d90000 - 0x00007ff824e4e000 	C:\WINDOWS\System32\KERNEL32.DLL
0x00007ff823e50000 - 0x00007ff8241cb000 	C:\WINDOWS\System32\KERNELBASE.dll
0x00007ff8242c0000 - 0x00007ff8243d1000 	C:\WINDOWS\System32\ucrtbase.dll
0x00007ff815980000 - 0x00007ff815998000 	C:\Users\91700\.jdks\openjdk-17.0.2\bin\jli.dll
0x00007ff810c00000 - 0x00007ff810c1a000 	C:\Users\91700\.jdks\openjdk-17.0.2\bin\VCRUNTIME140.dll
0x00007ff824660000 - 0x00007ff82480d000 	C:\WINDOWS\System32\USER32.dll
0x00007ff811830000 - 0x00007ff811ad5000 	C:\WINDOWS\WinSxS\amd64_microsoft.windows.common-controls_6595b64144ccf1df_6.0.22000.120_none_9d947278b86cc467\COMCTL32.dll
0x00007ff823e20000 - 0x00007ff823e46000 	C:\WINDOWS\System32\win32u.dll
0x00007ff8256f0000 - 0x00007ff825793000 	C:\WINDOWS\System32\msvcrt.dll
0x00007ff8255e0000 - 0x00007ff825609000 	C:\WINDOWS\System32\GDI32.dll
0x00007ff823b90000 - 0x00007ff823ca8000 	C:\WINDOWS\System32\gdi32full.dll
0x00007ff823af0000 - 0x00007ff823b8d000 	C:\WINDOWS\System32\msvcp_win.dll
0x00007ff824e50000 - 0x00007ff824e82000 	C:\WINDOWS\System32\IMM32.DLL
0x00007ff80e520000 - 0x00007ff80e52c000 	C:\Users\91700\.jdks\openjdk-17.0.2\bin\vcruntime140_1.dll
0x00007ffffce20000 - 0x00007ffffcead000 	C:\Users\91700\.jdks\openjdk-17.0.2\bin\msvcp140.dll
0x00007fff97f00000 - 0x00007fff98ac1000 	C:\Users\91700\.jdks\openjdk-17.0.2\bin\server\jvm.dll
0x00007ff8260c0000 - 0x00007ff82616e000 	C:\WINDOWS\System32\ADVAPI32.dll
0x00007ff824e90000 - 0x00007ff824f2e000 	C:\WINDOWS\System32\sechost.dll
0x00007ff8254c0000 - 0x00007ff8255e0000 	C:\WINDOWS\System32\RPCRT4.dll
0x00007ff824830000 - 0x00007ff824838000 	C:\WINDOWS\System32\PSAPI.DLL
0x00007ff81e030000 - 0x00007ff81e063000 	C:\WINDOWS\SYSTEM32\WINMM.dll
0x00007ff81eb80000 - 0x00007ff81eb89000 	C:\WINDOWS\SYSTEM32\WSOCK32.dll
0x00007ff81c050000 - 0x00007ff81c05a000 	C:\WINDOWS\SYSTEM32\VERSION.dll
0x00007ff825f60000 - 0x00007ff825fcf000 	C:\WINDOWS\System32\WS2_32.dll
0x00007ff822bf0000 - 0x00007ff822c08000 	C:\WINDOWS\SYSTEM32\kernel.appcore.dll
0x00007ff80e4e0000 - 0x00007ff80e4ea000 	C:\Users\91700\.jdks\openjdk-17.0.2\bin\jimage.dll
0x00007ff8216d0000 - 0x00007ff8218f1000 	C:\WINDOWS\SYSTEM32\DBGHELP.DLL
0x00007fffff800000 - 0x00007fffff831000 	C:\WINDOWS\SYSTEM32\dbgcore.DLL
0x00007ff8241d0000 - 0x00007ff82424f000 	C:\WINDOWS\System32\bcryptPrimitives.dll
0x00007ff80c020000 - 0x00007ff80c02e000 	C:\Users\91700\.jdks\openjdk-17.0.2\bin\instrument.dll
0x00007ffff06c0000 - 0x00007ffff06e5000 	C:\Users\91700\.jdks\openjdk-17.0.2\bin\java.dll

dbghelp: loaded successfully - version: 4.0.5 - missing functions: none
symbol engine: initialized successfully - sym options: 0x614 - pdb path: .;C:\Users\91700\.jdks\openjdk-17.0.2\bin;C:\WINDOWS\SYSTEM32;C:\WINDOWS\WinSxS\amd64_microsoft.windows.common-controls_6595b64144ccf1df_6.0.22000.120_none_9d947278b86cc467;C:\Users\91700\.jdks\openjdk-17.0.2\bin\server

VM Arguments:
jvm_args: -javaagent:C:\Program Files\JetBrains\IntelliJ IDEA Community Edition 2021.3.2\lib\idea_rt.jar=1454:C:\Program Files\JetBrains\IntelliJ IDEA Community Edition 2021.3.2\bin -Dfile.encoding=UTF-8 
java_command: guessme
java_class_path (initial): C:\Users\91700\Downloads\OASIS\JAVA\out\production\JAVA
Launcher Type: SUN_STANDARD

[Global flags]
     intx CICompilerCount                          = 4                                         {product} {ergonomic}
     uint ConcGCThreads                            = 2                                         {product} {ergonomic}
     uint G1ConcRefinementThreads                  = 8                                         {product} {ergonomic}
   size_t G1HeapRegionSize                         = 1048576                                   {product} {ergonomic}
    uintx GCDrainStackTargetSize                   = 64                                        {product} {ergonomic}
   size_t InitialHeapSize                          = 100663296                                 {product} {ergonomic}
   size_t MarkStackSize                            = 4194304                                   {product} {ergonomic}
   size_t MaxHeapSize                              = 1595932672                                {product} {ergonomic}
   size_t MinHeapDeltaBytes                        = 1048576                                   {product} {ergonomic}
   size_t MinHeapSize                              = 8388608                                   {product} {ergonomic}
    uintx NonNMethodCodeHeapSize                   = 5839372                                {pd product} {ergonomic}
    uintx NonProfiledCodeHeapSize                  = 122909434                              {pd product} {ergonomic}
    uintx ProfiledCodeHeapSize                     = 122909434                              {pd product} {ergonomic}
    uintx ReservedCodeCacheSize                    = 251658240                              {pd product} {ergonomic}
     bool SegmentedCodeCache                       = true                                      {product} {ergonomic}
   size_t SoftMaxHeapSize                          = 1595932672                             {manageable} {ergonomic}
     bool UseCompressedClassPointers               = true                           {product lp64_product} {ergonomic}
     bool UseCompressedOops                        = true                           {product lp64_product} {ergonomic}
     bool UseG1GC                                  = true                                      {product} {ergonomic}
     bool UseLargePagesIndividualAllocation        = false                                  {pd product} {ergonomic}

Logging:
Log output configuration:
 #0: stdout all=warning uptime,level,tags
 #1: stderr all=off uptime,level,tags

Environment Variables:
PATH=C:\Program Files (x86)\Common Files\Oracle\Java\javapath;C:\ProgramData\Oracle\Java\javapath;C:\Windows\system32;C:\Windows;C:\Windows\System32\Wbem;C:\Windows\System32\WindowsPowerShell\v1.0\;C:\Windows\System32\OpenSSH\;C:\Program Files (x86)\NVIDIA Corporation\PhysX\Common;C:\Program Files\NVIDIA Corporation\NVIDIA NvDLISR;C:\MinGW\bin;C:\WINDOWS\system32;C:\WINDOWS;C:\WINDOWS\System32\Wbem;C:\WINDOWS\System32\WindowsPowerShell\v1.0\;C:\WINDOWS\System32\OpenSSH\;C:\Program Files\Git\cmd;C:\Program Files\dotnet\;C:\Program Files\Java\jdk-17.0.2\bin;C:\Users\91700\AppData\Local\Programs\Microsoft VS Code\bin;C:\Users\91700\AppData\Local\atom\bin
USERNAME=Subir
OS=Windows_NT
PROCESSOR_IDENTIFIER=AMD64 Family 23 Model 24 Stepping 1, AuthenticAMD



---------------  S Y S T E M  ---------------

OS:
 Windows 11 , 64 bit Build 22000 (10.0.22000.1219)
OS uptime: 0 days 20:00 hours

CPU: total 8 (initial active 8) (8 cores per cpu, 2 threads per core) family 23 model 24 stepping 1 microcode 0x0, cx8, cmov, fxsr, ht, mmx, 3dnowpref, sse, sse2, sse3, ssse3, sse4a, sse4.1, sse4.2, popcnt, lzcnt, tsc, tscinvbit, avx, avx2, aes, clmul, bmi1, bmi2, adx, sha, fma, vzeroupper, clflush, clflushopt

Memory: 4k page, system-wide physical 6081M (840M free)
TotalPageFile size 24513M (AvailPageFile size 34M)
current process WorkingSet (physical memory assigned to process): 10M, peak: 10M
current process commit charge ("private bytes"): 59M, peak: 155M

vm_info: OpenJDK 64-Bit Server VM (17.0.2+8-86) for windows-amd64 JRE (17.0.2+8-86), built on Dec  7 2021 21:49:10 by "mach5one" with MS VC++ 16.8 / 16.9 (VS2019)

END.
